2022-11-21 15:23:50,834 INFO com.alten.hotel.booking.BookingApplication [restartedMain] Starting BookingApplication using Java 17.0.4 on PE-IT000546 with PID 21456 (C:\Users\rolando.paredes\Documents\Code\Personal\Alten\booking\target\classes started by rolando.paredes in C:\Users\rolando.paredes\Documents\Code\Personal\Alten\booking)
2022-11-21 15:23:50,841 DEBUG com.alten.hotel.booking.BookingApplication [restartedMain] Running with Spring Boot v2.7.5, Spring v5.3.23
2022-11-21 15:23:50,841 INFO com.alten.hotel.booking.BookingApplication [restartedMain] No active profile set, falling back to 1 default profile: "default"
2022-11-21 15:23:54,992 INFO com.alten.hotel.booking.BookingApplication [restartedMain] Started BookingApplication in 4.546 seconds (JVM running for 6.167)
2022-11-21 15:24:34,511 DEBUG com.alten.hotel.booking.application.controller.BookingController [http-nio-8080-exec-1] BookingController getRoomAvailables: ApiResponse(message=Successfull, code=202 ACCEPTED, response=[RoomDto(idroom=4, roomnumber=305, idhotel=HotelDto(idHotel=1, name=Cancun Hotel, address=Av. Bonampak, Manzana 1, postcode=cancun 123, country=Mexico, city=Cancun, phone=876452321, mail=hotelcancun@gmail.com, stars=5), idroomtype=RoomTypeDto(idroomtype=2, name=Presidential suite, price=2500.0, descripcion=Presidential suite # 1, maxpersons=4))])
2022-11-21 15:33:38,938 INFO com.alten.hotel.booking.BookingApplication [restartedMain] Starting BookingApplication using Java 17.0.4 on PE-IT000546 with PID 6520 (C:\Users\rolando.paredes\Documents\Code\Personal\Alten\booking\target\classes started by rolando.paredes in C:\Users\rolando.paredes\Documents\Code\Personal\Alten\booking)
2022-11-21 15:33:38,941 DEBUG com.alten.hotel.booking.BookingApplication [restartedMain] Running with Spring Boot v2.7.5, Spring v5.3.23
2022-11-21 15:33:38,942 INFO com.alten.hotel.booking.BookingApplication [restartedMain] No active profile set, falling back to 1 default profile: "default"
2022-11-21 15:33:43,214 INFO com.alten.hotel.booking.BookingApplication [restartedMain] Started BookingApplication in 4.747 seconds (JVM running for 6.024)
2022-11-21 15:52:26,050 INFO com.alten.hotel.booking.BookingApplication [restartedMain] Starting BookingApplication using Java 17.0.4 on PE-IT000546 with PID 25680 (C:\Users\rolando.paredes\Documents\Code\Personal\Alten\booking\target\classes started by rolando.paredes in C:\Users\rolando.paredes\Documents\Code\Personal\Alten\booking)
2022-11-21 15:52:26,053 DEBUG com.alten.hotel.booking.BookingApplication [restartedMain] Running with Spring Boot v2.7.5, Spring v5.3.23
2022-11-21 15:52:26,053 INFO com.alten.hotel.booking.BookingApplication [restartedMain] No active profile set, falling back to 1 default profile: "default"
2022-11-21 15:52:30,190 INFO com.alten.hotel.booking.BookingApplication [restartedMain] Started BookingApplication in 4.491 seconds (JVM running for 6.032)
2022-11-21 15:52:50,211 DEBUG com.alten.hotel.booking.application.controller.BookingController [http-nio-8080-exec-1] BookingController getRoomAvailables: ApiResponse(message=Successfull, code=202 ACCEPTED, response=[RoomDto(idroom=4, roomnumber=305, idhotel=HotelDto(idHotel=1, name=Cancun Hotel, address=Av. Bonampak, Manzana 1, postcode=cancun 123, country=Mexico, city=Cancun, phone=876452321, mail=hotelcancun@gmail.com, stars=5), idroomtype=RoomTypeDto(idroomtype=2, name=Presidential suite, price=2500.0, descripcion=Presidential suite # 1, maxpersons=4))])
2022-11-21 18:05:35,284 INFO com.alten.hotel.booking.BookingApplicationTests [main] Starting BookingApplicationTests using Java 17.0.4 on PE-IT000546 with PID 6256 (started by rolando.paredes in C:\Users\rolando.paredes\Documents\Code\Personal\Alten\booking)
2022-11-21 18:05:35,288 DEBUG com.alten.hotel.booking.BookingApplicationTests [main] Running with Spring Boot v2.7.5, Spring v5.3.23
2022-11-21 18:05:35,289 INFO com.alten.hotel.booking.BookingApplicationTests [main] No active profile set, falling back to 1 default profile: "default"
2022-11-21 18:05:40,734 INFO com.alten.hotel.booking.BookingApplicationTests [main] Started BookingApplicationTests in 5.943 seconds (JVM running for 10.134)
2022-11-21 18:05:55,452 INFO com.alten.hotel.booking.BookingApplication [restartedMain] Starting BookingApplication using Java 17.0.4 on PE-IT000546 with PID 23856 (C:\Users\rolando.paredes\Documents\Code\Personal\Alten\booking\target\classes started by rolando.paredes in C:\Users\rolando.paredes\Documents\Code\Personal\Alten\booking)
2022-11-21 18:05:55,458 DEBUG com.alten.hotel.booking.BookingApplication [restartedMain] Running with Spring Boot v2.7.5, Spring v5.3.23
2022-11-21 18:05:55,459 INFO com.alten.hotel.booking.BookingApplication [restartedMain] No active profile set, falling back to 1 default profile: "default"
2022-11-21 18:06:02,250 INFO com.alten.hotel.booking.BookingApplication [restartedMain] Started BookingApplication in 7.569 seconds (JVM running for 9.798)
2022-11-21 18:06:10,511 DEBUG com.alten.hotel.booking.application.controller.BookingController [http-nio-8080-exec-2] BookingController getRoomAvailables: ApiResponse(message=Successfull, code=202 ACCEPTED, response=[RoomDto(idroom=4, roomnumber=305, idhotel=HotelDto(idHotel=1, name=Cancun Hotel, address=Av. Bonampak, Manzana 1, postcode=cancun 123, country=Mexico, city=Cancun, phone=876452321, mail=hotelcancun@gmail.com, stars=5), idroomtype=RoomTypeDto(idroomtype=2, name=Presidential suite, price=2500.0, descripcion=Presidential suite # 1, maxpersons=4))])
2022-11-21 18:06:15,622 ERROR com.zaxxer.hikari.pool.HikariPool [HikariPool-1 connection adder] HikariPool-1 - Error thrown while acquiring connection from data source
org.h2.jdbc.JdbcSQLNonTransientConnectionException: The database is open in exclusive mode; can not open additional connections [90135-214]
	at org.h2.message.DbException.getJdbcSQLException(DbException.java:678)
	at org.h2.message.DbException.getJdbcSQLException(DbException.java:477)
	at org.h2.message.DbException.get(DbException.java:223)
	at org.h2.message.DbException.get(DbException.java:199)
	at org.h2.message.DbException.get(DbException.java:188)
	at org.h2.engine.SessionLocal.checkSuspended(SessionLocal.java:1240)
	at org.h2.engine.SessionLocal.transitionToState(SessionLocal.java:1232)
	at org.h2.engine.SessionLocal.setCurrentCommand(SessionLocal.java:1210)
	at org.h2.engine.SessionLocal.startStatementWithinTransaction(SessionLocal.java:1658)
	at org.h2.command.Command.executeQuery(Command.java:184)
	at org.h2.jdbc.JdbcConnection.isReadOnly(JdbcConnection.java:538)
	at com.zaxxer.hikari.pool.PoolBase.setupConnection(PoolBase.java:408)
	at com.zaxxer.hikari.pool.PoolBase.newConnection(PoolBase.java:369)
	at com.zaxxer.hikari.pool.PoolBase.newPoolEntry(PoolBase.java:206)
	at com.zaxxer.hikari.pool.HikariPool.createPoolEntry(HikariPool.java:476)
	at com.zaxxer.hikari.pool.HikariPool.access$100(HikariPool.java:71)
	at com.zaxxer.hikari.pool.HikariPool$PoolEntryCreator.call(HikariPool.java:726)
	at com.zaxxer.hikari.pool.HikariPool$PoolEntryCreator.call(HikariPool.java:712)
	at java.base/java.util.concurrent.FutureTask.run(FutureTask.java:264)
	at java.base/java.util.concurrent.ThreadPoolExecutor.runWorker(ThreadPoolExecutor.java:1136)
	at java.base/java.util.concurrent.ThreadPoolExecutor$Worker.run(ThreadPoolExecutor.java:635)
	at java.base/java.lang.Thread.run(Thread.java:833)
2022-11-21 18:10:11,621 INFO com.alten.hotel.booking.BookingApplication [restartedMain] Starting BookingApplication using Java 17.0.4 on PE-IT000546 with PID 24548 (C:\Users\rolando.paredes\Documents\Code\Personal\Alten\booking\target\classes started by rolando.paredes in C:\Users\rolando.paredes\Documents\Code\Personal\Alten\booking)
2022-11-21 18:10:11,623 DEBUG com.alten.hotel.booking.BookingApplication [restartedMain] Running with Spring Boot v2.7.5, Spring v5.3.23
2022-11-21 18:10:11,624 INFO com.alten.hotel.booking.BookingApplication [restartedMain] No active profile set, falling back to 1 default profile: "default"
2022-11-21 18:10:17,653 INFO com.alten.hotel.booking.BookingApplication [restartedMain] Started BookingApplication in 6.638 seconds (JVM running for 8.974)
2022-11-21 18:10:54,953 DEBUG com.alten.hotel.booking.application.controller.BookingController [http-nio-8080-exec-2] BookingController getRoomAvailables: ApiResponse(message=Successfull, code=202 ACCEPTED, response=[RoomDto(idroom=4, roomnumber=305, idhotel=HotelDto(idHotel=1, name=Cancun Hotel, address=Av. Bonampak, Manzana 1, postcode=cancun 123, country=Mexico, city=Cancun, phone=876452321, mail=hotelcancun@gmail.com, stars=5), idroomtype=RoomTypeDto(idroomtype=2, name=Presidential suite, price=2500.0, descripcion=Presidential suite # 1, maxpersons=4))])
2022-11-21 18:11:01,045 ERROR com.zaxxer.hikari.pool.HikariPool [HikariPool-1 connection adder] HikariPool-1 - Error thrown while acquiring connection from data source
org.h2.jdbc.JdbcSQLNonTransientConnectionException: The database is open in exclusive mode; can not open additional connections [90135-214]
	at org.h2.message.DbException.getJdbcSQLException(DbException.java:678)
	at org.h2.message.DbException.getJdbcSQLException(DbException.java:477)
	at org.h2.message.DbException.get(DbException.java:223)
	at org.h2.message.DbException.get(DbException.java:199)
	at org.h2.message.DbException.get(DbException.java:188)
	at org.h2.engine.SessionLocal.checkSuspended(SessionLocal.java:1240)
	at org.h2.engine.SessionLocal.transitionToState(SessionLocal.java:1232)
	at org.h2.engine.SessionLocal.waitIfExclusiveModeEnabled(SessionLocal.java:1480)
	at org.h2.command.Command.executeQuery(Command.java:180)
	at org.h2.jdbc.JdbcConnection.isReadOnly(JdbcConnection.java:538)
	at com.zaxxer.hikari.pool.PoolBase.setupConnection(PoolBase.java:408)
	at com.zaxxer.hikari.pool.PoolBase.newConnection(PoolBase.java:369)
	at com.zaxxer.hikari.pool.PoolBase.newPoolEntry(PoolBase.java:206)
	at com.zaxxer.hikari.pool.HikariPool.createPoolEntry(HikariPool.java:476)
	at com.zaxxer.hikari.pool.HikariPool.access$100(HikariPool.java:71)
	at com.zaxxer.hikari.pool.HikariPool$PoolEntryCreator.call(HikariPool.java:726)
	at com.zaxxer.hikari.pool.HikariPool$PoolEntryCreator.call(HikariPool.java:712)
	at java.base/java.util.concurrent.FutureTask.run(FutureTask.java:264)
	at java.base/java.util.concurrent.ThreadPoolExecutor.runWorker(ThreadPoolExecutor.java:1136)
	at java.base/java.util.concurrent.ThreadPoolExecutor$Worker.run(ThreadPoolExecutor.java:635)
	at java.base/java.lang.Thread.run(Thread.java:833)
2022-11-21 18:18:40,791 DEBUG com.alten.hotel.booking.application.controller.BookingController [main] BookingController getRoomAvailables: ApiResponse(message=Successfull, code=202 ACCEPTED, response=rooms)
2022-11-21 18:20:04,364 DEBUG com.alten.hotel.booking.application.controller.BookingController [main] BookingController getRoomAvailables: ApiResponse(message=Successfull, code=202 ACCEPTED, response=rooms)
2022-11-21 18:23:55,181 DEBUG com.alten.hotel.booking.application.controller.BookingController [main] BookingController getRoomAvailables: ApiResponse(message=Successfull, code=202 ACCEPTED, response=rooms)
2022-11-21 18:24:37,960 DEBUG com.alten.hotel.booking.application.controller.BookingController [main] BookingController getRoomAvailables: ApiResponse(message=Successfull, code=202 ACCEPTED, response=rooms)
2022-11-21 18:24:55,544 DEBUG com.alten.hotel.booking.application.controller.BookingController [main] BookingController getRoomAvailables: ApiResponse(message=Successfull, code=202 ACCEPTED, response=rooms)
2022-11-21 18:26:26,909 DEBUG com.alten.hotel.booking.application.controller.BookingController [main] BookingController getRoomAvailables: ApiResponse(message=Successfull, code=202 ACCEPTED, response=rooms)
2022-11-21 18:26:56,700 DEBUG com.alten.hotel.booking.application.controller.BookingController [main] BookingController getRoomAvailables: ApiResponse(message=Successfull, code=202 ACCEPTED, response=rooms)
2022-11-21 18:28:09,469 DEBUG com.alten.hotel.booking.application.controller.BookingController [main] BookingController getRoomAvailables: ApiResponse(message=Successfull, code=202 ACCEPTED, response=rooms)
2022-11-21 18:29:05,826 DEBUG com.alten.hotel.booking.application.controller.BookingController [main] BookingController getRoomAvailables: ApiResponse(message=Successfull, code=202 ACCEPTED, response=rooms)
2022-11-21 18:29:05,925 DEBUG com.alten.hotel.booking.application.controller.BookingController [main] BookingController getRoomAvailables: ApiResponse(message=Successfull, code=202 ACCEPTED, response=rooms)
2022-11-21 18:29:54,591 DEBUG com.alten.hotel.booking.application.controller.BookingController [main] BookingController getRoomAvailables: ApiResponse(message=Successfull, code=202 ACCEPTED, response=[])
2022-11-21 18:30:29,086 DEBUG com.alten.hotel.booking.application.controller.BookingController [main] BookingController getRoomAvailables: ApiResponse(message=Successfull, code=202 ACCEPTED, response=rooms)
2022-11-21 18:30:29,184 DEBUG com.alten.hotel.booking.application.controller.BookingController [main] BookingController getRoomAvailables: ApiResponse(message=Successfull, code=202 ACCEPTED, response=[])
2022-11-21 20:56:29,383 DEBUG com.alten.hotel.booking.application.controller.BookingController [main] BookingController getRoomAvailables: ApiResponse(message=Successfull, code=202 ACCEPTED, response=rooms)
2022-11-21 20:56:29,489 DEBUG com.alten.hotel.booking.application.controller.BookingController [main] BookingController getRoomAvailables: ApiResponse(message=Successfull, code=202 ACCEPTED, response=[])
2022-11-21 21:23:08,206 DEBUG com.alten.hotel.booking.application.controller.BookingController [main] BookingController deleteBooking: ApiResponse(message=Successfull, code=202 ACCEPTED, response=null)
2022-11-21 21:24:28,490 DEBUG com.alten.hotel.booking.application.controller.BookingController [main] BookingController deleteBooking: ApiResponse(message=Successfull, code=202 ACCEPTED, response=null)
2022-11-21 21:26:16,911 DEBUG com.alten.hotel.booking.application.controller.BookingController [main] BookingController deleteBooking: ApiResponse(message=Successfull, code=202 ACCEPTED, response=null)
2022-11-21 22:03:36,761 DEBUG com.alten.hotel.booking.application.controller.BookingController [main] BookingController getRoomAvailables: ApiResponse(message=Successfull, code=202 ACCEPTED, response=rooms)
2022-11-21 22:03:37,052 DEBUG com.alten.hotel.booking.application.controller.BookingController [main] BookingController updateBooking: ApiResponse(message=Successfull, code=202 ACCEPTED, response=null)
2022-11-21 22:03:37,107 DEBUG com.alten.hotel.booking.application.controller.BookingController [main] BookingController deleteBooking: ApiResponse(message=Successfull, code=202 ACCEPTED, response=null)
2022-11-21 22:03:37,142 DEBUG com.alten.hotel.booking.application.controller.BookingController [main] BookingController getRoomAvailables: ApiResponse(message=Successfull, code=202 ACCEPTED, response=[])
2022-11-21 22:03:37,180 DEBUG com.alten.hotel.booking.application.controller.BookingController [main] BookingController createBooking: ApiResponse(message=Successfull, code=202 ACCEPTED, response=null)
2022-11-21 22:04:09,601 INFO com.alten.hotel.booking.BookingApplication [restartedMain] Starting BookingApplication using Java 17.0.4 on PE-IT000546 with PID 16248 (C:\Users\rolando.paredes\Documents\Code\Personal\Alten\booking\target\classes started by rolando.paredes in C:\Users\rolando.paredes\Documents\Code\Personal\Alten\booking)
2022-11-21 22:04:09,603 DEBUG com.alten.hotel.booking.BookingApplication [restartedMain] Running with Spring Boot v2.7.5, Spring v5.3.23
2022-11-21 22:04:09,604 INFO com.alten.hotel.booking.BookingApplication [restartedMain] No active profile set, falling back to 1 default profile: "default"
2022-11-21 22:04:13,624 INFO com.alten.hotel.booking.BookingApplication [restartedMain] Started BookingApplication in 4.472 seconds (JVM running for 6.317)
2022-11-21 22:04:30,122 DEBUG com.alten.hotel.booking.application.controller.BookingController [http-nio-8080-exec-2] BookingController getRoomAvailables: ApiResponse(message=Successfull, code=202 ACCEPTED, response=[RoomDto(idroom=4, roomnumber=305, idhotel=HotelDto(idHotel=1, name=Cancun Hotel, address=Av. Bonampak, Manzana 1, postcode=cancun 123, country=Mexico, city=Cancun, phone=876452321, mail=hotelcancun@gmail.com, stars=5), idroomtype=RoomTypeDto(idroomtype=2, name=Presidential suite, price=2500.0, descripcion=Presidential suite # 1, maxpersons=4))])
2022-11-21 22:04:46,900 INFO com.alten.hotel.booking.BookingApplicationTests [main] Starting BookingApplicationTests using Java 17.0.4 on PE-IT000546 with PID 3860 (started by rolando.paredes in C:\Users\rolando.paredes\Documents\Code\Personal\Alten\booking)
2022-11-21 22:04:46,903 DEBUG com.alten.hotel.booking.BookingApplicationTests [main] Running with Spring Boot v2.7.5, Spring v5.3.23
2022-11-21 22:04:46,903 INFO com.alten.hotel.booking.BookingApplicationTests [main] No active profile set, falling back to 1 default profile: "default"
2022-11-21 22:04:51,489 INFO com.alten.hotel.booking.BookingApplicationTests [main] Started BookingApplicationTests in 4.953 seconds (JVM running for 7.798)
2022-11-21 22:04:51,810 DEBUG com.alten.hotel.booking.application.controller.BookingController [main] BookingController getRoomAvailables: ApiResponse(message=Successfull, code=202 ACCEPTED, response=rooms)
2022-11-21 22:04:52,010 DEBUG com.alten.hotel.booking.application.controller.BookingController [main] BookingController updateBooking: ApiResponse(message=Successfull, code=202 ACCEPTED, response=null)
2022-11-21 22:04:52,053 DEBUG com.alten.hotel.booking.application.controller.BookingController [main] BookingController deleteBooking: ApiResponse(message=Successfull, code=202 ACCEPTED, response=null)
2022-11-21 22:04:52,080 DEBUG com.alten.hotel.booking.application.controller.BookingController [main] BookingController getRoomAvailables: ApiResponse(message=Successfull, code=202 ACCEPTED, response=[])
2022-11-21 22:04:52,112 DEBUG com.alten.hotel.booking.application.controller.BookingController [main] BookingController createBooking: ApiResponse(message=Successfull, code=202 ACCEPTED, response=null)
2022-11-21 22:07:10,587 DEBUG com.alten.hotel.booking.application.controller.BookingController [main] BookingController createBooking: ApiResponse(message=Successfull, code=202 ACCEPTED, response=bookingDto)
2022-11-21 22:09:22,528 DEBUG com.alten.hotel.booking.application.controller.BookingController [main] BookingController deleteBooking: ApiResponse(message=Successfull, code=202 ACCEPTED, response=null)
2022-11-21 22:09:34,388 INFO com.alten.hotel.booking.BookingApplication [restartedMain] Starting BookingApplication using Java 17.0.4 on PE-IT000546 with PID 22232 (C:\Users\rolando.paredes\Documents\Code\Personal\Alten\booking\target\classes started by rolando.paredes in C:\Users\rolando.paredes\Documents\Code\Personal\Alten\booking)
2022-11-21 22:09:34,391 DEBUG com.alten.hotel.booking.BookingApplication [restartedMain] Running with Spring Boot v2.7.5, Spring v5.3.23
2022-11-21 22:09:34,392 INFO com.alten.hotel.booking.BookingApplication [restartedMain] No active profile set, falling back to 1 default profile: "default"
2022-11-21 22:09:38,384 INFO com.alten.hotel.booking.BookingApplication [restartedMain] Started BookingApplication in 4.378 seconds (JVM running for 5.929)
2022-11-21 22:09:46,660 DEBUG com.alten.hotel.booking.application.controller.BookingController [http-nio-8080-exec-2] BookingController getRoomAvailables: ApiResponse(message=Successfull, code=202 ACCEPTED, response=[RoomDto(idroom=4, roomnumber=305, idhotel=HotelDto(idHotel=1, name=Cancun Hotel, address=Av. Bonampak, Manzana 1, postcode=cancun 123, country=Mexico, city=Cancun, phone=876452321, mail=hotelcancun@gmail.com, stars=5), idroomtype=RoomTypeDto(idroomtype=2, name=Presidential suite, price=2500.0, descripcion=Presidential suite # 1, maxpersons=4))])
2022-11-21 22:10:01,448 INFO com.alten.hotel.booking.BookingApplicationTests [main] Starting BookingApplicationTests using Java 17.0.4 on PE-IT000546 with PID 12284 (started by rolando.paredes in C:\Users\rolando.paredes\Documents\Code\Personal\Alten\booking)
2022-11-21 22:10:01,450 DEBUG com.alten.hotel.booking.BookingApplicationTests [main] Running with Spring Boot v2.7.5, Spring v5.3.23
2022-11-21 22:10:01,451 INFO com.alten.hotel.booking.BookingApplicationTests [main] No active profile set, falling back to 1 default profile: "default"
2022-11-21 22:10:05,665 INFO com.alten.hotel.booking.BookingApplicationTests [main] Started BookingApplicationTests in 4.641 seconds (JVM running for 7.698)
2022-11-21 22:10:06,048 DEBUG com.alten.hotel.booking.application.controller.BookingController [main] BookingController updateBooking: ApiResponse(message=Successfull, code=202 ACCEPTED, response=bookingDto)
2022-11-21 22:10:06,070 DEBUG com.alten.hotel.booking.application.controller.BookingController [main] BookingController deleteBooking: ApiResponse(message=Successfull, code=202 ACCEPTED, response=null)
2022-11-21 22:10:06,092 DEBUG com.alten.hotel.booking.application.controller.BookingController [main] BookingController getRoomAvailables: ApiResponse(message=Successfull, code=202 ACCEPTED, response=rooms)
2022-11-21 22:10:06,108 DEBUG com.alten.hotel.booking.application.controller.BookingController [main] BookingController createBooking: ApiResponse(message=Successfull, code=202 ACCEPTED, response=bookingDto)
2022-11-21 22:10:06,294 DEBUG com.alten.hotel.booking.application.controller.BookingController [main] BookingController updateBooking: ApiResponse(message=Successfull, code=202 ACCEPTED, response=bookingDto)
2022-11-21 22:10:06,352 DEBUG com.alten.hotel.booking.application.controller.BookingController [main] BookingController deleteBooking: ApiResponse(message=Successfull, code=202 ACCEPTED, response=null)
2022-11-21 22:10:06,384 DEBUG com.alten.hotel.booking.application.controller.BookingController [main] BookingController getRoomAvailables: ApiResponse(message=Successfull, code=202 ACCEPTED, response=[])
2022-11-21 22:10:06,420 DEBUG com.alten.hotel.booking.application.controller.BookingController [main] BookingController createBooking: ApiResponse(message=Successfull, code=202 ACCEPTED, response=bookingDto)
2022-11-21 22:10:31,102 DEBUG com.alten.hotel.booking.application.controller.BookingController [main] BookingController updateBooking: ApiResponse(message=Successfull, code=202 ACCEPTED, response=bookingDto)
2022-11-21 22:11:45,675 DEBUG com.alten.hotel.booking.application.controller.BookingController [main] BookingController updateBooking: ApiResponse(message=Successfull, code=202 ACCEPTED, response=bookingDto)
2022-11-21 22:13:17,605 DEBUG com.alten.hotel.booking.application.controller.BookingController [main] BookingController updateBooking: ApiResponse(message=Successfull, code=202 ACCEPTED, response=bookingDto)
2022-11-21 22:14:48,944 DEBUG com.alten.hotel.booking.application.controller.BookingController [main] BookingController updateBooking: ApiResponse(message=Successfull, code=202 ACCEPTED, response=bookingDto)
2022-11-21 22:15:12,342 DEBUG com.alten.hotel.booking.application.controller.BookingController [main] BookingController deleteBooking: ApiResponse(message=Successfull, code=202 ACCEPTED, response=null)
2022-11-21 22:15:12,385 DEBUG com.alten.hotel.booking.application.controller.BookingController [main] BookingController getRoomAvailables: ApiResponse(message=Successfull, code=202 ACCEPTED, response=rooms)
2022-11-21 22:15:12,408 DEBUG com.alten.hotel.booking.application.controller.BookingController [main] BookingController createBooking: ApiResponse(message=Successfull, code=202 ACCEPTED, response=bookingDto)
2022-11-21 22:15:12,681 DEBUG com.alten.hotel.booking.application.controller.BookingController [main] BookingController updateBooking: ApiResponse(message=Successfull, code=202 ACCEPTED, response=bookingDto)
2022-11-21 22:15:12,749 DEBUG com.alten.hotel.booking.application.controller.BookingController [main] BookingController deleteBooking: ApiResponse(message=Successfull, code=202 ACCEPTED, response=null)
2022-11-21 22:15:12,786 DEBUG com.alten.hotel.booking.application.controller.BookingController [main] BookingController getRoomAvailables: ApiResponse(message=Successfull, code=202 ACCEPTED, response=[])
2022-11-21 22:15:12,827 DEBUG com.alten.hotel.booking.application.controller.BookingController [main] BookingController createBooking: ApiResponse(message=Successfull, code=202 ACCEPTED, response=bookingDto)
2022-11-21 22:15:55,863 DEBUG com.alten.hotel.booking.application.controller.BookingController [main] BookingController deleteBooking: ApiResponse(message=Successfull, code=202 ACCEPTED, response=null)
2022-11-21 22:15:55,903 DEBUG com.alten.hotel.booking.application.controller.BookingController [main] BookingController getRoomAvailables: ApiResponse(message=Successfull, code=202 ACCEPTED, response=rooms)
2022-11-21 22:15:55,925 DEBUG com.alten.hotel.booking.application.controller.BookingController [main] BookingController createBooking: ApiResponse(message=Successfull, code=202 ACCEPTED, response=null)
2022-11-21 22:15:56,205 DEBUG com.alten.hotel.booking.application.controller.BookingController [main] BookingController updateBooking: ApiResponse(message=Successfull, code=202 ACCEPTED, response=null)
2022-11-21 22:15:56,262 DEBUG com.alten.hotel.booking.application.controller.BookingController [main] BookingController deleteBooking: ApiResponse(message=Successfull, code=202 ACCEPTED, response=null)
2022-11-21 22:15:56,289 DEBUG com.alten.hotel.booking.application.controller.BookingController [main] BookingController getRoomAvailables: ApiResponse(message=Successfull, code=202 ACCEPTED, response=[])
2022-11-21 22:15:56,337 DEBUG com.alten.hotel.booking.application.controller.BookingController [main] BookingController createBooking: ApiResponse(message=Successfull, code=202 ACCEPTED, response=null)
2022-11-21 22:17:15,371 DEBUG com.alten.hotel.booking.application.controller.BookingController [main] BookingController updateBooking: ApiResponse(message=Successfull, code=202 ACCEPTED, response=bookingDto)
2022-11-21 22:17:15,409 DEBUG com.alten.hotel.booking.application.controller.BookingController [main] BookingController deleteBooking: ApiResponse(message=Successfull, code=202 ACCEPTED, response=null)
2022-11-21 22:17:15,435 DEBUG com.alten.hotel.booking.application.controller.BookingController [main] BookingController getRoomAvailables: ApiResponse(message=Successfull, code=202 ACCEPTED, response=rooms)
2022-11-21 22:17:15,457 DEBUG com.alten.hotel.booking.application.controller.BookingController [main] BookingController createBooking: ApiResponse(message=Successfull, code=202 ACCEPTED, response=bookingDto)
2022-11-21 22:17:15,725 DEBUG com.alten.hotel.booking.application.controller.BookingController [main] BookingController updateBooking: ApiResponse(message=Successfull, code=202 ACCEPTED, response=null)
2022-11-21 22:17:15,777 DEBUG com.alten.hotel.booking.application.controller.BookingController [main] BookingController deleteBooking: ApiResponse(message=Successfull, code=202 ACCEPTED, response=null)
2022-11-21 22:17:15,802 DEBUG com.alten.hotel.booking.application.controller.BookingController [main] BookingController getRoomAvailables: ApiResponse(message=Successfull, code=202 ACCEPTED, response=[])
2022-11-21 22:17:15,840 DEBUG com.alten.hotel.booking.application.controller.BookingController [main] BookingController createBooking: ApiResponse(message=Successfull, code=202 ACCEPTED, response=null)
2022-11-21 22:18:08,355 INFO com.alten.hotel.booking.BookingApplicationTests [main] Starting BookingApplicationTests using Java 17.0.4 on PE-IT000546 with PID 24440 (started by rolando.paredes in C:\Users\rolando.paredes\Documents\Code\Personal\Alten\booking)
2022-11-21 22:18:08,357 DEBUG com.alten.hotel.booking.BookingApplicationTests [main] Running with Spring Boot v2.7.5, Spring v5.3.23
2022-11-21 22:18:08,358 INFO com.alten.hotel.booking.BookingApplicationTests [main] No active profile set, falling back to 1 default profile: "default"
2022-11-21 22:18:12,596 INFO com.alten.hotel.booking.BookingApplicationTests [main] Started BookingApplicationTests in 4.664 seconds (JVM running for 7.753)
2022-11-21 22:18:12,956 DEBUG com.alten.hotel.booking.application.controller.BookingController [main] BookingController updateBooking: ApiResponse(message=Successfull, code=202 ACCEPTED, response=bookingDto)
2022-11-21 22:18:12,977 DEBUG com.alten.hotel.booking.application.controller.BookingController [main] BookingController deleteBooking: ApiResponse(message=Successfull, code=202 ACCEPTED, response=null)
2022-11-21 22:18:12,994 DEBUG com.alten.hotel.booking.application.controller.BookingController [main] BookingController getRoomAvailables: ApiResponse(message=Successfull, code=202 ACCEPTED, response=rooms)
2022-11-21 22:18:13,009 DEBUG com.alten.hotel.booking.application.controller.BookingController [main] BookingController createBooking: ApiResponse(message=Successfull, code=202 ACCEPTED, response=bookingDto)
2022-11-21 22:18:13,187 DEBUG com.alten.hotel.booking.application.controller.BookingController [main] BookingController updateBooking: ApiResponse(message=Successfull, code=202 ACCEPTED, response=null)
2022-11-21 22:18:13,232 DEBUG com.alten.hotel.booking.application.controller.BookingController [main] BookingController deleteBooking: ApiResponse(message=Successfull, code=202 ACCEPTED, response=null)
2022-11-21 22:18:13,261 DEBUG com.alten.hotel.booking.application.controller.BookingController [main] BookingController getRoomAvailables: ApiResponse(message=Successfull, code=202 ACCEPTED, response=[])
2022-11-21 22:18:13,291 DEBUG com.alten.hotel.booking.application.controller.BookingController [main] BookingController createBooking: ApiResponse(message=Successfull, code=202 ACCEPTED, response=null)
2022-11-21 22:18:34,399 INFO com.alten.hotel.booking.BookingApplication [restartedMain] Starting BookingApplication using Java 17.0.4 on PE-IT000546 with PID 21872 (C:\Users\rolando.paredes\Documents\Code\Personal\Alten\booking\target\classes started by rolando.paredes in C:\Users\rolando.paredes\Documents\Code\Personal\Alten\booking)
2022-11-21 22:18:34,401 DEBUG com.alten.hotel.booking.BookingApplication [restartedMain] Running with Spring Boot v2.7.5, Spring v5.3.23
2022-11-21 22:18:34,401 INFO com.alten.hotel.booking.BookingApplication [restartedMain] No active profile set, falling back to 1 default profile: "default"
2022-11-21 22:18:38,808 INFO com.alten.hotel.booking.BookingApplication [restartedMain] Started BookingApplication in 4.747 seconds (JVM running for 6.241)
2022-11-21 22:18:45,780 DEBUG com.alten.hotel.booking.application.controller.BookingController [http-nio-8080-exec-1] BookingController getRoomAvailables: ApiResponse(message=Successfull, code=202 ACCEPTED, response=[RoomDto(idroom=4, roomnumber=305, idhotel=HotelDto(idHotel=1, name=Cancun Hotel, address=Av. Bonampak, Manzana 1, postcode=cancun 123, country=Mexico, city=Cancun, phone=876452321, mail=hotelcancun@gmail.com, stars=5), idroomtype=RoomTypeDto(idroomtype=2, name=Presidential suite, price=2500.0, descripcion=Presidential suite # 1, maxpersons=4))])
2022-11-21 22:18:55,302 DEBUG com.alten.hotel.booking.application.controller.BookingController [http-nio-8080-exec-3] BookingController getRoomAvailables: ApiResponse(message=Successfull, code=202 ACCEPTED, response=[RoomDto(idroom=4, roomnumber=305, idhotel=HotelDto(idHotel=1, name=Cancun Hotel, address=Av. Bonampak, Manzana 1, postcode=cancun 123, country=Mexico, city=Cancun, phone=876452321, mail=hotelcancun@gmail.com, stars=5), idroomtype=RoomTypeDto(idroomtype=2, name=Presidential suite, price=2500.0, descripcion=Presidential suite # 1, maxpersons=4)), RoomDto(idroom=3, roomnumber=304, idhotel=HotelDto(idHotel=1, name=Cancun Hotel, address=Av. Bonampak, Manzana 1, postcode=cancun 123, country=Mexico, city=Cancun, phone=876452321, mail=hotelcancun@gmail.com, stars=5), idroomtype=RoomTypeDto(idroomtype=2, name=Presidential suite, price=2500.0, descripcion=Presidential suite # 1, maxpersons=4))])
2022-11-21 22:19:08,029 DEBUG com.alten.hotel.booking.application.controller.BookingController [http-nio-8080-exec-4] BookingController getRoomAvailables: ApiResponse(message=Successfull, code=202 ACCEPTED, response=[RoomDto(idroom=4, roomnumber=305, idhotel=HotelDto(idHotel=1, name=Cancun Hotel, address=Av. Bonampak, Manzana 1, postcode=cancun 123, country=Mexico, city=Cancun, phone=876452321, mail=hotelcancun@gmail.com, stars=5), idroomtype=RoomTypeDto(idroomtype=2, name=Presidential suite, price=2500.0, descripcion=Presidential suite # 1, maxpersons=4))])
